<?xml version="1.0" encoding="UTF-8"?>
<!-- Generated by org.testng.reporters.JUnitReportReporter -->
<testsuite skipped="0" hostname="ganespal" name="testcase.TestCase15" tests="1" failures="0" timestamp="14 Feb 2019 11:08:50 GMT" time="30.056" errors="0">
  <testcase name="test" time="30.056" classname="testcase.TestCase15"/>
</testsuite> <!-- testcase.TestCase15 -->
