<?xml version="1.0" encoding="UTF-8"?>
<!-- Generated by org.testng.reporters.JUnitReportReporter -->
<testsuite skipped="0" hostname="ganespal" name="testcase.TestCase12" tests="1" failures="0" timestamp="14 Feb 2019 11:37:50 GMT" time="26.391" errors="0">
  <testcase name="test" time="26.391" classname="testcase.TestCase12"/>
</testsuite> <!-- testcase.TestCase12 -->
