<?xml version="1.0" encoding="UTF-8"?>
<!-- Generated by org.testng.reporters.JUnitReportReporter -->
<testsuite skipped="0" hostname="ganespal" name="testcase.TestCase14" tests="1" failures="0" timestamp="14 Feb 2019 10:45:32 GMT" time="52.125" errors="0">
  <testcase name="test" time="52.125" classname="testcase.TestCase14"/>
</testsuite> <!-- testcase.TestCase14 -->
